\BOOKMARK [1][-]{section.1}{\376\377\000I\000n\000t\000r\000o\000d\000u\000c\000t\000i\000o\000n}{}% 1
\BOOKMARK [1][-]{section.2}{\376\377\000L\000i\000t\000e\000r\000a\000t\000u\000r\000e\000\040\000R\000e\000v\000i\000e\000w}{}% 2
\BOOKMARK [1][-]{section.3}{\376\377\000I\000n\000s\000t\000i\000t\000u\000t\000i\000o\000n\000a\000l\000\040\000S\000e\000t\000t\000i\000n\000g\000\040\000a\000n\000d\000\040\000D\000a\000t\000a}{}% 3
\BOOKMARK [2][-]{subsection.3.1}{\376\377\000S\000t\000e\000a\000m\000\040\000M\000a\000r\000k\000e\000t\000p\000l\000a\000c\000e}{section.3}% 4
\BOOKMARK [2][-]{subsection.3.2}{\376\377\000D\000a\000t\000a}{section.3}% 5
\BOOKMARK [2][-]{subsection.3.3}{\376\377\000S\000a\000m\000p\000l\000e\000\040\000D\000e\000s\000c\000r\000i\000p\000t\000i\000o\000n}{section.3}% 6
\BOOKMARK [1][-]{section.4}{\376\377\000D\000e\000s\000c\000r\000i\000p\000t\000i\000v\000e\000\040\000E\000v\000i\000d\000e\000n\000c\000e}{}% 7
\BOOKMARK [2][-]{subsection.4.1}{\376\377\000D\000i\000s\000c\000u\000s\000s\000i\000o\000n}{section.4}% 8
\BOOKMARK [1][-]{section.5}{\376\377\000E\000m\000p\000i\000r\000i\000c\000a\000l\000\040\000M\000o\000d\000e\000l}{}% 9
\BOOKMARK [2][-]{subsection.5.1}{\376\377\000S\000e\000t\000u\000p}{section.5}% 10
\BOOKMARK [2][-]{subsection.5.2}{\376\377\000I\000d\000e\000n\000t\000i\000f\000i\000c\000a\000t\000i\000o\000n}{section.5}% 11
\BOOKMARK [3][-]{subsubsection.5.2.1}{\376\377\000D\000e\000m\000a\000n\000d\000\040\000P\000a\000r\000a\000m\000e\000t\000e\000r\000s}{subsection.5.2}% 12
\BOOKMARK [3][-]{subsubsection.5.2.2}{\376\377\000P\000r\000i\000c\000e\000\040\000E\000l\000a\000s\000t\000i\000c\000i\000t\000y\000\040\000o\000f\000\040\000D\000e\000m\000a\000n\000d}{subsection.5.2}% 13
\BOOKMARK [3][-]{subsubsection.5.2.3}{\376\377\000R\000e\000v\000i\000e\000w\000\040\000P\000a\000r\000a\000m\000e\000t\000e\000r\000s}{subsection.5.2}% 14
\BOOKMARK [2][-]{subsection.5.3}{\376\377\000R\000e\000s\000u\000l\000t\000s}{section.5}% 15
\BOOKMARK [3][-]{subsubsection.5.3.1}{\376\377\000D\000e\000m\000a\000n\000d\000\040\000P\000a\000r\000a\000m\000e\000t\000e\000r\000s}{subsection.5.3}% 16
\BOOKMARK [3][-]{subsubsection.5.3.2}{\376\377\000R\000e\000v\000i\000e\000w\000\040\000P\000a\000r\000a\000m\000e\000t\000e\000r\000s}{subsection.5.3}% 17
\BOOKMARK [1][-]{appendix.A}{\376\377\000A\000d\000d\000i\000t\000i\000o\000n\000a\000l\000\040\000T\000a\000b\000l\000e\000s\000\040\000a\000n\000d\000\040\000F\000i\000g\000u\000r\000e\000s}{}% 18
\BOOKMARK [2][-]{subsection.A.1}{\376\377\000D\000i\000s\000c\000o\000u\000n\000t\000s\000\040\000A\000r\000o\000u\000n\000d\000\040\000T\000r\000a\000n\000s\000i\000t\000i\000o\000n\000s}{appendix.A}% 19
\BOOKMARK [2][-]{subsection.A.2}{\376\377\000R\000e\000v\000i\000e\000w\000\040\000L\000a\000g}{appendix.A}% 20
\BOOKMARK [2][-]{subsection.A.3}{\376\377\000D\000e\000f\000i\000n\000i\000t\000i\000o\000n\000\040\000o\000f\000\040\000S\000e\000a\000s\000o\000n\000a\000l\000\040\000S\000a\000l\000e\000s}{appendix.A}% 21
\BOOKMARK [1][-]{appendix.B}{\376\377\000M\000a\000t\000h\000e\000m\000a\000t\000i\000c\000a\000l\000\040\000A\000p\000p\000e\000n\000d\000i\000x}{}% 22
\BOOKMARK [2][-]{subsection.B.1}{\376\377\000P\000r\000o\000o\000f\000s}{appendix.B}% 23
\BOOKMARK [2][-]{subsection.B.2}{\376\377\000N\000L\000L\000S\000\040\000e\000s\000t\000i\000m\000a\000t\000o\000r\000\040\000o\000f\000\040\000\134\000b\000e\000t\000a}{appendix.B}% 24
